$ java -jar server-0.0.1-SNAPSHOT.jar

  .   ____          _            __ _ _
 /\\ / ___'_ __ _ _(_)_ __  __ _ \ \ \ \
( ( )\___ | '_ | '_| | '_ \/ _` | \ \ \ \
 \\/  ___)| |_)| | | | | || (_| |  ) ) ) )
  '  |____| .__|_| |_|_| |_\__, | / / / /
 =========|_|==============|___/=/_/_/_/
 :: Spring Boot ::        (v1.5.8.RELEASE)

2017-11-04 19:10:53.098  INFO 8096 --- [           main] com.example.server.ServerApplication     : Starting ServerApplication v0.0.1-SNAPSHOT on PC with PID 8096 (E:\dev\ssl-comm\server\target\server-0.0.1-SNAPSHOT.jar started by user in E:\dev\ssl-comm\server\target)
2017-11-04 19:10:53.103  INFO 8096 --- [           main] com.example.server.ServerApplication     : The following profiles are active: https
2017-11-04 19:10:53.222  INFO 8096 --- [           main] ationConfigEmbeddedWebApplicationContext : Refreshing org.springframework.boot.context.embedded.AnnotationConfigEmbeddedWebApplicationContext@6d21714c: startup date [Sat Nov 04 19:10:53 2017]; root of context hierarchy
2017-11-04 19:10:55.506  INFO 8096 --- [           main] s.b.c.e.t.TomcatEmbeddedServletContainer : Tomcat initialized with port(s): 8443 (https)
2017-11-04 19:10:55.528  INFO 8096 --- [           main] o.apache.catalina.core.StandardService   : Starting service [Tomcat]
2017-11-04 19:10:55.530  INFO 8096 --- [           main] org.apache.catalina.core.StandardEngine  : Starting Servlet Engine: Apache Tomcat/8.5.23
2017-11-04 19:10:55.669  INFO 8096 --- [ost-startStop-1] o.a.c.c.C.[Tomcat].[localhost].[/]       : Initializing Spring embedded WebApplicationContext
2017-11-04 19:10:55.669  INFO 8096 --- [ost-startStop-1] o.s.web.context.ContextLoader            : Root WebApplicationContext: initialization completed in 2450 ms
2017-11-04 19:10:55.997  INFO 8096 --- [ost-startStop-1] o.s.b.w.servlet.FilterRegistrationBean   : Mapping filter: 'characterEncodingFilter' to: [/*]
2017-11-04 19:10:55.998  INFO 8096 --- [ost-startStop-1] o.s.b.w.servlet.FilterRegistrationBean   : Mapping filter: 'hiddenHttpMethodFilter' to: [/*]
2017-11-04 19:10:55.998  INFO 8096 --- [ost-startStop-1] o.s.b.w.servlet.FilterRegistrationBean   : Mapping filter: 'httpPutFormContentFilter' to: [/*]
2017-11-04 19:10:55.998  INFO 8096 --- [ost-startStop-1] o.s.b.w.servlet.FilterRegistrationBean   : Mapping filter: 'requestContextFilter' to: [/*]
2017-11-04 19:10:56.000  INFO 8096 --- [ost-startStop-1] .s.DelegatingFilterProxyRegistrationBean : Mapping filter: 'springSecurityFilterChain' to: [/*]
2017-11-04 19:10:56.001  INFO 8096 --- [ost-startStop-1] o.s.b.w.servlet.ServletRegistrationBean  : Mapping servlet: 'dispatcherServlet' to [/]
2017-11-04 19:10:56.526  INFO 8096 --- [           main] s.w.s.m.m.a.RequestMappingHandlerAdapter : Looking for @ControllerAdvice: org.springframework.boot.context.embedded.AnnotationConfigEmbeddedWebApplicationContext@6d21714c: startup date [Sat Nov 04 19:10:53 2017]; root of context hierarchy
2017-11-04 19:10:56.637  INFO 8096 --- [           main] s.w.s.m.m.a.RequestMappingHandlerMapping : Mapped "{[/ping]}" onto public org.springframework.http.ResponseEntity<java.lang.String> com.example.server.ServerApplication.pingServer()
2017-11-04 19:10:56.642  INFO 8096 --- [           main] s.w.s.m.m.a.RequestMappingHandlerMapping : Mapped "{[/error]}" onto public org.springframework.http.ResponseEntity<java.util.Map<java.lang.String, java.lang.Object>> org.springframework.boot.autoconfigure.web.BasicErrorController.error(javax.servlet.http.HttpServletRequest)
2017-11-04 19:10:56.643  INFO 8096 --- [           main] s.w.s.m.m.a.RequestMappingHandlerMapping : Mapped "{[/error],produces=[text/html]}" onto public org.springframework.web.servlet.ModelAndView org.springframework.boot.autoconfigure.web.BasicErrorController.errorHtml(javax.servlet.http.HttpServletRequest,javax.servlet.http.HttpServletResponse)
2017-11-04 19:10:56.678  INFO 8096 --- [           main] o.s.w.s.handler.SimpleUrlHandlerMapping  : Mapped URL path [/webjars/**] onto handler of type [class org.springframework.web.servlet.resource.ResourceHttpRequestHandler]
2017-11-04 19:10:56.678  INFO 8096 --- [           main] o.s.w.s.handler.SimpleUrlHandlerMapping  : Mapped URL path [/**] onto handler of type [class org.springframework.web.servlet.resource.ResourceHttpRequestHandler]
2017-11-04 19:10:56.742  INFO 8096 --- [           main] o.s.w.s.handler.SimpleUrlHandlerMapping  : Mapped URL path [/**/favicon.ico] onto handler of type [class org.springframework.web.servlet.resource.ResourceHttpRequestHandler]
2017-11-04 19:10:57.030  INFO 8096 --- [           main] b.a.s.AuthenticationManagerConfiguration :

Using default security password: 20769e81-159e-43cb-9550-2f3e4d76975a

2017-11-04 19:10:57.128  INFO 8096 --- [           main] o.s.s.web.DefaultSecurityFilterChain     : Creating filter chain: OrRequestMatcher [requestMatchers=[Ant [pattern='/css/**'], Ant [pattern='/js/**'], Ant [pattern='/images/**'], Ant [pattern='/webjars/**'], Ant [pattern='/**/favicon.ico'], Ant [pattern='/error']]], []
2017-11-04 19:10:57.226  INFO 8096 --- [           main] o.s.s.web.DefaultSecurityFilterChain     : Creating filter chain: org.springframework.security.web.util.matcher.AnyRequestMatcher@1, [org.springframework.security.web.context.request.async.WebAsyncManagerIntegrationFilter@4df828d7, org.springframework.security.web.context.SecurityContextPersistenceFilter@76a4d6c, org.springframework.security.web.header.HeaderWriterFilter@32464a14, org.springframework.security.web.authentication.logout.LogoutFilter@799d4f69, org.springframework.security.web.savedrequest.RequestCacheAwareFilter@6cc7b4de, org.springframework.security.web.servletapi.SecurityContextHolderAwareRequestFilter@5cdd8682, org.springframework.security.web.authentication.AnonymousAuthenticationFilter@b59d31, org.springframework.security.web.session.SessionManagementFilter@1442d7b5, org.springframework.security.web.access.ExceptionTranslationFilter@77a57272, org.springframework.security.web.access.intercept.FilterSecurityInterceptor@4148db48]
2017-11-04 19:10:57.247  INFO 8096 --- [           main] o.s.s.web.DefaultSecurityFilterChain     : Creating filter chain: OrRequestMatcher [requestMatchers=[Ant [pattern='/**']]], [org.springframework.security.web.context.request.async.WebAsyncManagerIntegrationFilter@6b67034, org.springframework.security.web.context.SecurityContextPersistenceFilter@6a79c292, org.springframework.security.web.header.HeaderWriterFilter@3444d69d, org.springframework.security.web.authentication.logout.LogoutFilter@21a947fe, org.springframework.security.web.authentication.www.BasicAuthenticationFilter@80ec1f8, org.springframework.security.web.savedrequest.RequestCacheAwareFilter@37574691, org.springframework.security.web.servletapi.SecurityContextHolderAwareRequestFilter@25359ed8, org.springframework.security.web.authentication.AnonymousAuthenticationFilter@16267862, org.springframework.security.web.session.SessionManagementFilter@1372ed45, org.springframework.security.web.access.ExceptionTranslationFilter@4ba2ca36, org.springframework.security.web.access.intercept.FilterSecurityInterceptor@10b48321]
2017-11-04 19:10:57.404  INFO 8096 --- [           main] o.s.j.e.a.AnnotationMBeanExporter        : Registering beans for JMX exposure on startup
Ignoring unavailable cipher suite: TLS_DHE_DSS_WITH_AES_256_GCM_SHA384
Ignoring unavailable cipher suite: TLS_DH_anon_WITH_AES_256_CBC_SHA
Ignoring unavailable cipher suite: TLS_DH_anon_WITH_AES_256_CBC_SHA256
Ignoring unavailable cipher suite: TLS_RSA_WITH_AES_256_CBC_SHA
Ignoring unavailable cipher suite: TLS_DHE_RSA_WITH_AES_256_GCM_SHA384
Ignoring unavailable cipher suite: TLS_ECDH_ECDSA_WITH_AES_256_CBC_SHA
Ignoring unavailable cipher suite: TLS_ECDHE_ECDSA_WITH_AES_256_GCM_SHA384
Ignoring unavailable cipher suite: TLS_RSA_WITH_AES_256_CBC_SHA256
Ignoring unavailable cipher suite: TLS_DHE_DSS_WITH_AES_256_CBC_SHA
Ignoring unavailable cipher suite: TLS_ECDH_ECDSA_WITH_AES_256_GCM_SHA384
Ignoring unavailable cipher suite: TLS_ECDH_RSA_WITH_AES_256_CBC_SHA384
Ignoring unavailable cipher suite: TLS_RSA_WITH_AES_256_GCM_SHA384
Ignoring unavailable cipher suite: TLS_ECDH_ECDSA_WITH_AES_256_CBC_SHA384
Ignoring unavailable cipher suite: TLS_ECDH_anon_WITH_AES_256_CBC_SHA
Ignoring unavailable cipher suite: TLS_ECDHE_RSA_WITH_AES_256_CBC_SHA384
Ignoring unavailable cipher suite: TLS_ECDH_RSA_WITH_AES_256_CBC_SHA
Ignoring unavailable cipher suite: TLS_ECDH_RSA_WITH_AES_256_GCM_SHA384
Ignoring unavailable cipher suite: TLS_ECDHE_ECDSA_WITH_AES_256_CBC_SHA384
Ignoring unavailable cipher suite: TLS_DHE_RSA_WITH_AES_256_CBC_SHA256
Ignoring unavailable cipher suite: TLS_ECDHE_ECDSA_WITH_AES_256_CBC_SHA
Ignoring unavailable cipher suite: TLS_DHE_DSS_WITH_AES_256_CBC_SHA256
Ignoring unavailable cipher suite: TLS_DHE_RSA_WITH_AES_256_CBC_SHA
Ignoring unavailable cipher suite: TLS_ECDHE_RSA_WITH_AES_256_CBC_SHA
Ignoring unavailable cipher suite: TLS_ECDHE_RSA_WITH_AES_256_GCM_SHA384
Ignoring unavailable cipher suite: TLS_DH_anon_WITH_AES_256_GCM_SHA384
Ignoring unavailable cipher suite: TLS_DHE_DSS_WITH_AES_256_GCM_SHA384
Ignoring unavailable cipher suite: TLS_RSA_WITH_AES_256_CBC_SHA
Ignoring unavailable cipher suite: TLS_DHE_RSA_WITH_AES_256_GCM_SHA384
Ignoring unavailable cipher suite: TLS_ECDH_ECDSA_WITH_AES_256_CBC_SHA
Ignoring unavailable cipher suite: TLS_ECDHE_ECDSA_WITH_AES_256_GCM_SHA384
Ignoring unavailable cipher suite: TLS_RSA_WITH_AES_256_CBC_SHA256
Ignoring unavailable cipher suite: TLS_DHE_DSS_WITH_AES_256_CBC_SHA
Ignoring unavailable cipher suite: TLS_ECDH_ECDSA_WITH_AES_256_GCM_SHA384
Ignoring unavailable cipher suite: TLS_ECDH_RSA_WITH_AES_256_CBC_SHA384
Ignoring unavailable cipher suite: TLS_RSA_WITH_AES_256_GCM_SHA384
Ignoring unavailable cipher suite: TLS_ECDH_ECDSA_WITH_AES_256_CBC_SHA384
Ignoring unavailable cipher suite: TLS_ECDHE_RSA_WITH_AES_256_CBC_SHA384
Ignoring unavailable cipher suite: TLS_ECDH_RSA_WITH_AES_256_CBC_SHA
Ignoring unavailable cipher suite: TLS_ECDH_RSA_WITH_AES_256_GCM_SHA384
Ignoring unavailable cipher suite: TLS_ECDHE_ECDSA_WITH_AES_256_CBC_SHA384
Ignoring unavailable cipher suite: TLS_DHE_RSA_WITH_AES_256_CBC_SHA256
Ignoring unavailable cipher suite: TLS_ECDHE_ECDSA_WITH_AES_256_CBC_SHA
Ignoring unavailable cipher suite: TLS_DHE_DSS_WITH_AES_256_CBC_SHA256
Ignoring unavailable cipher suite: TLS_DHE_RSA_WITH_AES_256_CBC_SHA
Ignoring unavailable cipher suite: TLS_ECDHE_RSA_WITH_AES_256_CBC_SHA
Ignoring unavailable cipher suite: TLS_ECDHE_RSA_WITH_AES_256_GCM_SHA384
Ignoring unavailable cipher suite: TLS_DHE_DSS_WITH_AES_256_GCM_SHA384
Ignoring unavailable cipher suite: TLS_RSA_WITH_AES_256_CBC_SHA
Ignoring unavailable cipher suite: TLS_DHE_RSA_WITH_AES_256_GCM_SHA384
Ignoring unavailable cipher suite: TLS_ECDH_ECDSA_WITH_AES_256_CBC_SHA
Ignoring unavailable cipher suite: TLS_ECDHE_ECDSA_WITH_AES_256_GCM_SHA384
Ignoring unavailable cipher suite: TLS_RSA_WITH_AES_256_CBC_SHA256
Ignoring unavailable cipher suite: TLS_DHE_DSS_WITH_AES_256_CBC_SHA
Ignoring unavailable cipher suite: TLS_ECDH_ECDSA_WITH_AES_256_GCM_SHA384
Ignoring unavailable cipher suite: TLS_ECDH_RSA_WITH_AES_256_CBC_SHA384
Ignoring unavailable cipher suite: TLS_RSA_WITH_AES_256_GCM_SHA384
Ignoring unavailable cipher suite: TLS_ECDH_ECDSA_WITH_AES_256_CBC_SHA384
Ignoring unavailable cipher suite: TLS_ECDHE_RSA_WITH_AES_256_CBC_SHA384
Ignoring unavailable cipher suite: TLS_ECDH_RSA_WITH_AES_256_CBC_SHA
Ignoring unavailable cipher suite: TLS_ECDH_RSA_WITH_AES_256_GCM_SHA384
Ignoring unavailable cipher suite: TLS_ECDHE_ECDSA_WITH_AES_256_CBC_SHA384
Ignoring unavailable cipher suite: TLS_DHE_RSA_WITH_AES_256_CBC_SHA256
Ignoring unavailable cipher suite: TLS_ECDHE_ECDSA_WITH_AES_256_CBC_SHA
Ignoring unavailable cipher suite: TLS_DHE_DSS_WITH_AES_256_CBC_SHA256
Ignoring unavailable cipher suite: TLS_DHE_RSA_WITH_AES_256_CBC_SHA
Ignoring unavailable cipher suite: TLS_ECDHE_RSA_WITH_AES_256_CBC_SHA
Ignoring unavailable cipher suite: TLS_ECDHE_RSA_WITH_AES_256_GCM_SHA384
trustStore is: C:\Program Files\Java\jre1.8.0_144\lib\security\cacerts
trustStore type is : jks
trustStore provider is :
init truststore
adding as trusted cert:
  Subject: CN=Equifax Secure Global eBusiness CA-1, O=Equifax Secure Inc., C=US
  Issuer:  CN=Equifax Secure Global eBusiness CA-1, O=Equifax Secure Inc., C=US
  Algorithm: RSA; Serial number: 0xc3517
  Valid from Mon Jun 21 08:00:00 MSD 1999 until Mon Jun 22 07:00:00 2020

adding as trusted cert:
  Subject: CN=Entrust Root Certification Authority - EC1, OU="(c) 2012 Entrust, Inc. - for authorized use only", OU=See www.entrust.net/legal-terms, O="Entrust, Inc.", C=US
  Issuer:  CN=Entrust Root Certification Authority - EC1, OU="(c) 2012 Entrust, Inc. - for authorized use only", OU=See www.entrust.net/legal-terms, O="Entrust, Inc.", C=US
  Algorithm: EC; Serial number: 0xa68b79290000000050d091f9
  Valid from Tue Dec 18 19:25:36 2012 until Fri Dec 18 18:55:36 2037

adding as trusted cert:
  Subject: CN=SecureTrust CA, O=SecureTrust Corporation, C=US
  Issuer:  CN=SecureTrust CA, O=SecureTrust Corporation, C=US
  Algorithm: RSA; Serial number: 0xcf08e5c0816a5ad427ff0eb271859d0
  Valid from Tue Nov 07 22:31:18 2006 until Mon Dec 31 22:40:55 2029

adding as trusted cert:
  Subject: OU=Security Communication RootCA1, O=SECOM Trust.net, C=JP
  Issuer:  OU=Security Communication RootCA1, O=SECOM Trust.net, C=JP
  Algorithm: RSA; Serial number: 0x0
  Valid from Tue Sep 30 08:20:49 MSD 2003 until Sat Sep 30 07:20:49 2023

adding as trusted cert:
  Subject: CN=DigiCert Global Root CA, OU=www.digicert.com, O=DigiCert Inc, C=US
  Issuer:  CN=DigiCert Global Root CA, OU=www.digicert.com, O=DigiCert Inc, C=US
  Algorithm: RSA; Serial number: 0x83be056904246b1a1756ac95991c74a
  Valid from Fri Nov 10 03:00:00 2006 until Mon Nov 10 03:00:00 2031

adding as trusted cert:
  Subject: CN=QuoVadis Root CA 2 G3, O=QuoVadis Limited, C=BM
  Issuer:  CN=QuoVadis Root CA 2 G3, O=QuoVadis Limited, C=BM
  Algorithm: RSA; Serial number: 0x445734245b81899b35f2ceb82b3b5ba726f07528
  Valid from Thu Jan 12 22:59:32 2012 until Sun Jan 12 21:59:32 2042

adding as trusted cert:
  Subject: CN=DigiCert Trusted Root G4, OU=www.digicert.com, O=DigiCert Inc, C=US
  Issuer:  CN=DigiCert Trusted Root G4, OU=www.digicert.com, O=DigiCert Inc, C=US
  Algorithm: RSA; Serial number: 0x59b1b579e8e2132e23907bda777755c
  Valid from Thu Aug 01 16:00:00 2013 until Fri Jan 15 15:00:00 2038

adding as trusted cert:
  Subject: CN=GeoTrust Primary Certification Authority, O=GeoTrust Inc., C=US
  Issuer:  CN=GeoTrust Primary Certification Authority, O=GeoTrust Inc., C=US
  Algorithm: RSA; Serial number: 0x18acb56afd69b6153a636cafdafac4a1
  Valid from Mon Nov 27 03:00:00 2006 until Thu Jul 17 02:59:59 2036

adding as trusted cert:
  Subject: OU=Security Communication RootCA2, O="SECOM Trust Systems CO.,LTD.", C=JP
  Issuer:  OU=Security Communication RootCA2, O="SECOM Trust Systems CO.,LTD.", C=JP
  Algorithm: RSA; Serial number: 0x0
  Valid from Fri May 29 09:00:39 MSD 2009 until Tue May 29 08:00:39 2029

adding as trusted cert:
  Subject: OU=VeriSign Trust Network, OU="(c) 1998 VeriSign, Inc. - For authorized use only", OU=Class 3 Public Primary Certification Authority - G2, O="VeriSign, Inc.", C=US
  Issuer:  OU=VeriSign Trust Network, OU="(c) 1998 VeriSign, Inc. - For authorized use only", OU=Class 3 Public Primary Certification Authority - G2, O="VeriSign, Inc.", C=US
  Algorithm: RSA; Serial number: 0x7dd9fe07cfa81eb7107967fba78934c6
  Valid from Mon May 18 04:00:00 MSD 1998 until Wed Aug 02 02:59:59 2028

adding as trusted cert:
  Subject: OU=ePKI Root Certification Authority, O="Chunghwa Telecom Co., Ltd.", C=TW
  Issuer:  OU=ePKI Root Certification Authority, O="Chunghwa Telecom Co., Ltd.", C=TW
  Algorithm: RSA; Serial number: 0x15c8bd65475cafb897005ee406d2bc9d
  Valid from Mon Dec 20 05:31:27 2004 until Wed Dec 20 05:31:27 2034

adding as trusted cert:
  Subject: CN=AffirmTrust Commercial, O=AffirmTrust, C=US
  Issuer:  CN=AffirmTrust Commercial, O=AffirmTrust, C=US
  Algorithm: RSA; Serial number: 0x7777062726a9b17c
  Valid from Fri Jan 29 17:06:06 2010 until Tue Dec 31 17:06:06 2030

adding as trusted cert:
  Subject: CN=Certum Trusted Network CA, OU=Certum Certification Authority, O=Unizeto Technologies S.A., C=PL
  Issuer:  CN=Certum Trusted Network CA, OU=Certum Certification Authority, O=Unizeto Technologies S.A., C=PL
  Algorithm: RSA; Serial number: 0x444c0
  Valid from Wed Oct 22 16:07:37 MSD 2008 until Mon Dec 31 15:07:37 2029

adding as trusted cert:
  Subject: CN=XRamp Global Certification Authority, O=XRamp Security Services Inc, OU=www.xrampsecurity.com, C=US
  Issuer:  CN=XRamp Global Certification Authority, O=XRamp Security Services Inc, OU=www.xrampsecurity.com, C=US
  Algorithm: RSA; Serial number: 0x50946cec18ead59c4dd597ef758fa0ad
  Valid from Mon Nov 01 20:14:04 2004 until Mon Jan 01 08:37:19 2035

adding as trusted cert:
  Subject: CN=Sonera Class2 CA, O=Sonera, C=FI
  Issuer:  CN=Sonera Class2 CA, O=Sonera, C=FI
  Algorithm: RSA; Serial number: 0x1d
  Valid from Fri Apr 06 11:29:40 MSD 2001 until Tue Apr 06 10:29:40 2021

adding as trusted cert:
  Subject: CN=localhost, OU=Unknown, O=Unknown, L=Unknown, ST=Unknown, C=Unknown
  Issuer:  CN=localhost, OU=Unknown, O=Unknown, L=Unknown, ST=Unknown, C=Unknown
  Algorithm: RSA; Serial number: 0x7c0c7b41
  Valid from Fri Nov 03 15:15:46 2017 until Mon Nov 01 15:15:46 2027

adding as trusted cert:
  Subject: CN=America Online Root Certification Authority 1, O=America Online Inc., C=US
  Issuer:  CN=America Online Root Certification Authority 1, O=America Online Inc., C=US
  Algorithm: RSA; Serial number: 0x1
  Valid from Tue May 28 10:00:00 MSD 2002 until Thu Nov 19 23:43:00 2037

adding as trusted cert:
  Subject: CN=GeoTrust Primary Certification Authority - G2, OU=(c) 2007 GeoTrust Inc. - For authorized use only, O=GeoTrust Inc., C=US
  Issuer:  CN=GeoTrust Primary Certification Authority - G2, OU=(c) 2007 GeoTrust Inc. - For authorized use only, O=GeoTrust Inc., C=US
  Algorithm: EC; Serial number: 0x3cb2f4480a00e2feeb243b5e603ec36b
  Valid from Mon Nov 05 03:00:00 2007 until Tue Jan 19 02:59:59 2038

adding as trusted cert:
  Subject: OU=Equifax Secure Certificate Authority, O=Equifax, C=US
  Issuer:  OU=Equifax Secure Certificate Authority, O=Equifax, C=US
  Algorithm: RSA; Serial number: 0x35def4cf
  Valid from Sat Aug 22 20:41:51 MSD 1998 until Wed Aug 22 19:41:51 2018

adding as trusted cert:
  Subject: CN=COMODO ECC Certification Authority, O=COMODO CA Limited, L=Salford, ST=Greater Manchester, C=GB
  Issuer:  CN=COMODO ECC Certification Authority, O=COMODO CA Limited, L=Salford, ST=Greater Manchester, C=GB
  Algorithm: EC; Serial number: 0x1f47afaa62007050544c019e9b63992a
  Valid from Thu Mar 06 03:00:00 2008 until Tue Jan 19 02:59:59 2038

adding as trusted cert:
  Subject: CN=ISRG Root X1, O=Internet Security Research Group, C=US
  Issuer:  CN=ISRG Root X1, O=Internet Security Research Group, C=US
  Algorithm: RSA; Serial number: 0x8210cfb0d240e3594463e0bb63828b00
  Valid from Thu Jun 04 14:04:38 2015 until Mon Jun 04 14:04:38 2035

adding as trusted cert:
  Subject: CN=DigiCert High Assurance EV Root CA, OU=www.digicert.com, O=DigiCert Inc, C=US
  Issuer:  CN=DigiCert High Assurance EV Root CA, OU=www.digicert.com, O=DigiCert Inc, C=US
  Algorithm: RSA; Serial number: 0x2ac5c266a0b409b8f0b79f2ae462577
  Valid from Fri Nov 10 03:00:00 2006 until Mon Nov 10 03:00:00 2031

adding as trusted cert:
  Subject: CN=GeoTrust Universal CA, O=GeoTrust Inc., C=US
  Issuer:  CN=GeoTrust Universal CA, O=GeoTrust Inc., C=US
  Algorithm: RSA; Serial number: 0x1
  Valid from Thu Mar 04 08:00:00 2004 until Sun Mar 04 08:00:00 2029

adding as trusted cert:
  Subject: CN=GlobalSign, O=GlobalSign, OU=GlobalSign Root CA - R3
  Issuer:  CN=GlobalSign, O=GlobalSign, OU=GlobalSign Root CA - R3
  Algorithm: RSA; Serial number: 0x4000000000121585308a2
  Valid from Wed Mar 18 13:00:00 2009 until Sun Mar 18 13:00:00 2029

adding as trusted cert:
  Subject: CN=Baltimore CyberTrust Root, OU=CyberTrust, O=Baltimore, C=IE
  Issuer:  CN=Baltimore CyberTrust Root, OU=CyberTrust, O=Baltimore, C=IE
  Algorithm: RSA; Serial number: 0x20000b9
  Valid from Fri May 12 22:46:00 MSD 2000 until Tue May 13 02:59:00 2025

adding as trusted cert:
  Subject: CN=Thawte Timestamping CA, OU=Thawte Certification, O=Thawte, L=Durbanville, ST=Western Cape, C=ZA
  Issuer:  CN=Thawte Timestamping CA, OU=Thawte Certification, O=Thawte, L=Durbanville, ST=Western Cape, C=ZA
  Algorithm: RSA; Serial number: 0x67c8e1e8e3be1cbdfc913b8ea6238749
  Valid from Wed Jan 01 03:00:00 1997 until Sat Jan 02 02:59:59 2021

adding as trusted cert:
  Subject: CN=AAA Certificate Services, O=Comodo CA Limited, L=Salford, ST=Greater Manchester, C=GB
  Issuer:  CN=AAA Certificate Services, O=Comodo CA Limited, L=Salford, ST=Greater Manchester, C=GB
  Algorithm: RSA; Serial number: 0x1
  Valid from Thu Jan 01 03:00:00 2004 until Mon Jan 01 02:59:59 2029

adding as trusted cert:
  Subject: OU=Starfield Class 2 Certification Authority, O="Starfield Technologies, Inc.", C=US
  Issuer:  OU=Starfield Class 2 Certification Authority, O="Starfield Technologies, Inc.", C=US
  Algorithm: RSA; Serial number: 0x0
  Valid from Tue Jun 29 21:39:16 MSD 2004 until Thu Jun 29 20:39:16 2034

adding as trusted cert:
  Subject: CN=Chambers of Commerce Root, OU=http://www.chambersign.org, O=AC Camerfirma SA CIF A82743287, C=EU
  Issuer:  CN=Chambers of Commerce Root, OU=http://www.chambersign.org, O=AC Camerfirma SA CIF A82743287, C=EU
  Algorithm: RSA; Serial number: 0x0
  Valid from Tue Sep 30 20:13:43 MSD 2003 until Wed Sep 30 19:13:44 2037

adding as trusted cert:
  Subject: CN=UTN-USERFirst-Hardware, OU=http://www.usertrust.com, O=The USERTRUST Network, L=Salt Lake City, ST=UT, C=US
  Issuer:  CN=UTN-USERFirst-Hardware, OU=http://www.usertrust.com, O=The USERTRUST Network, L=Salt Lake City, ST=UT, C=US
  Algorithm: RSA; Serial number: 0x44be0c8b500024b411d3362afe650afd
  Valid from Fri Jul 09 22:10:42 MSD 1999 until Tue Jul 09 21:19:22 2019

adding as trusted cert:
  Subject: CN=VeriSign Class 3 Public Primary Certification Authority - G3, OU="(c) 1999 VeriSign, Inc. - For authorized use only", OU=VeriSign Trust Network, O="VeriSign, Inc.", C=US
  Issuer:  CN=VeriSign Class 3 Public Primary Certification Authority - G3, OU="(c) 1999 VeriSign, Inc. - For authorized use only", OU=VeriSign Trust Network, O="VeriSign, Inc.", C=US
  Algorithm: RSA; Serial number: 0x9b7e0649a33e62b9d5ee90487129ef57
  Valid from Fri Oct 01 04:00:00 MSD 1999 until Thu Jul 17 02:59:59 2036

adding as trusted cert:
  Subject: CN=GlobalSign Root CA, OU=Root CA, O=GlobalSign nv-sa, C=BE
  Issuer:  CN=GlobalSign Root CA, OU=Root CA, O=GlobalSign nv-sa, C=BE
  Algorithm: RSA; Serial number: 0x40000000001154b5ac394
  Valid from Tue Sep 01 16:00:00 MSD 1998 until Fri Jan 28 15:00:00 2028

adding as trusted cert:
  Subject: CN=UTN-USERFirst-Object, OU=http://www.usertrust.com, O=The USERTRUST Network, L=Salt Lake City, ST=UT, C=US
  Issuer:  CN=UTN-USERFirst-Object, OU=http://www.usertrust.com, O=The USERTRUST Network, L=Salt Lake City, ST=UT, C=US
  Algorithm: RSA; Serial number: 0x44be0c8b500024b411d3362de0b35f1b
  Valid from Fri Jul 09 22:31:20 MSD 1999 until Tue Jul 09 21:40:36 2019

adding as trusted cert:
  Subject: CN=AffirmTrust Networking, O=AffirmTrust, C=US
  Issuer:  CN=AffirmTrust Networking, O=AffirmTrust, C=US
  Algorithm: RSA; Serial number: 0x7c4f04391cd4992d
  Valid from Fri Jan 29 17:08:24 2010 until Tue Dec 31 17:08:24 2030

adding as trusted cert:
  Subject: CN=AffirmTrust Premium, O=AffirmTrust, C=US
  Issuer:  CN=AffirmTrust Premium, O=AffirmTrust, C=US
  Algorithm: RSA; Serial number: 0x6d8c1446b1a60aee
  Valid from Fri Jan 29 17:10:36 2010 until Mon Dec 31 17:10:36 2040

adding as trusted cert:
  Subject: CN=Baltimore CyberTrust Code Signing Root, OU=CyberTrust, O=Baltimore, C=IE
  Issuer:  CN=Baltimore CyberTrust Code Signing Root, OU=CyberTrust, O=Baltimore, C=IE
  Algorithm: RSA; Serial number: 0x20000bf
  Valid from Wed May 17 18:01:00 MSD 2000 until Sun May 18 02:59:00 2025

adding as trusted cert:
  Subject: CN=America Online Root Certification Authority 2, O=America Online Inc., C=US
  Issuer:  CN=America Online Root Certification Authority 2, O=America Online Inc., C=US
  Algorithm: RSA; Serial number: 0x1
  Valid from Tue May 28 10:00:00 MSD 2002 until Tue Sep 29 17:08:00 2037

adding as trusted cert:
  Subject: CN=LuxTrust Global Root, O=LuxTrust s.a., C=LU
  Issuer:  CN=LuxTrust Global Root, O=LuxTrust s.a., C=LU
  Algorithm: RSA; Serial number: 0xbb8
  Valid from Thu Mar 17 12:51:37 2011 until Wed Mar 17 12:51:37 2021

adding as trusted cert:
  Subject: CN=GeoTrust Primary Certification Authority - G3, OU=(c) 2008 GeoTrust Inc. - For authorized use only, O=GeoTrust Inc., C=US
  Issuer:  CN=GeoTrust Primary Certification Authority - G3, OU=(c) 2008 GeoTrust Inc. - For authorized use only, O=GeoTrust Inc., C=US
  Algorithm: RSA; Serial number: 0x15ac6e9419b2794b41f627a9c3180f1f
  Valid from Wed Apr 02 04:00:00 MSD 2008 until Wed Dec 02 02:59:59 2037

adding as trusted cert:
  Subject: CN=Chambers of Commerce Root - 2008, O=AC Camerfirma S.A., SERIALNUMBER=A82743287, L=Madrid (see current address at www.camerfirma.com/address), C=EU
  Issuer:  CN=Chambers of Commerce Root - 2008, O=AC Camerfirma S.A., SERIALNUMBER=A82743287, L=Madrid (see current address at www.camerfirma.com/address), C=EU
  Algorithm: RSA; Serial number: 0xa3da427ea4b1aeda
  Valid from Fri Aug 01 16:29:50 MSD 2008 until Sat Jul 31 15:29:50 2038

adding as trusted cert:
  Subject: CN=SwissSign Silver CA - G2, O=SwissSign AG, C=CH
  Issuer:  CN=SwissSign Silver CA - G2, O=SwissSign AG, C=CH
  Algorithm: RSA; Serial number: 0x4f1bd42f54bb2f4b
  Valid from Wed Oct 25 12:32:46 MSD 2006 until Sat Oct 25 11:32:46 2036

adding as trusted cert:
  Subject: CN=Entrust Root Certification Authority - G2, OU="(c) 2009 Entrust, Inc. - for authorized use only", OU=See www.entrust.net/legal-terms, O="Entrust, Inc.", C=US
  Issuer:  CN=Entrust Root Certification Authority - G2, OU="(c) 2009 Entrust, Inc. - for authorized use only", OU=See www.entrust.net/legal-terms, O="Entrust, Inc.", C=US
  Algorithm: RSA; Serial number: 0x4a538c28
  Valid from Tue Jul 07 21:25:54 MSD 2009 until Sat Dec 07 20:55:54 2030

adding as trusted cert:
  Subject: CN=DigiCert Assured ID Root CA, OU=www.digicert.com, O=DigiCert Inc, C=US
  Issuer:  CN=DigiCert Assured ID Root CA, OU=www.digicert.com, O=DigiCert Inc, C=US
  Algorithm: RSA; Serial number: 0xce7e0e517d846fe8fe560fc1bf03039
  Valid from Fri Nov 10 03:00:00 2006 until Mon Nov 10 03:00:00 2031

adding as trusted cert:
  Subject: OU=Go Daddy Class 2 Certification Authority, O="The Go Daddy Group, Inc.", C=US
  Issuer:  OU=Go Daddy Class 2 Certification Authority, O="The Go Daddy Group, Inc.", C=US
  Algorithm: RSA; Serial number: 0x0
  Valid from Tue Jun 29 21:06:20 MSD 2004 until Thu Jun 29 20:06:20 2034

adding as trusted cert:
  Subject: CN=AddTrust External CA Root, OU=AddTrust External TTP Network, O=AddTrust AB, C=SE
  Issuer:  CN=AddTrust External CA Root, OU=AddTrust External TTP Network, O=AddTrust AB, C=SE
  Algorithm: RSA; Serial number: 0x1
  Valid from Tue May 30 14:48:38 MSD 2000 until Sat May 30 13:48:38 2020

adding as trusted cert:
  Subject: CN=DigiCert Global Root G3, OU=www.digicert.com, O=DigiCert Inc, C=US
  Issuer:  CN=DigiCert Global Root G3, OU=www.digicert.com, O=DigiCert Inc, C=US
  Algorithm: EC; Serial number: 0x55556bcf25ea43535c3a40fd5ab4572
  Valid from Thu Aug 01 16:00:00 2013 until Fri Jan 15 15:00:00 2038

adding as trusted cert:
  Subject: CN=UTN-USERFirst-Client Authentication and Email, OU=http://www.usertrust.com, O=The USERTRUST Network, L=Salt Lake City, ST=UT, C=US
  Issuer:  CN=UTN-USERFirst-Client Authentication and Email, OU=http://www.usertrust.com, O=The USERTRUST Network, L=Salt Lake City, ST=UT, C=US
  Algorithm: RSA; Serial number: 0x44be0c8b500024b411d336252567c989
  Valid from Fri Jul 09 21:28:50 MSD 1999 until Tue Jul 09 20:36:58 2019

adding as trusted cert:
  Subject: CN=Class 2 Primary CA, O=Certplus, C=FR
  Issuer:  CN=Class 2 Primary CA, O=Certplus, C=FR
  Algorithm: RSA; Serial number: 0x85bd4bf3d8dae369f694d75fc3a54423
  Valid from Wed Jul 07 21:05:00 MSD 1999 until Sun Jul 07 02:59:59 2019

adding as trusted cert:
  Subject: CN=GeoTrust Global CA, O=GeoTrust Inc., C=US
  Issuer:  CN=GeoTrust Global CA, O=GeoTrust Inc., C=US
  Algorithm: RSA; Serial number: 0x23456
  Valid from Tue May 21 08:00:00 MSD 2002 until Sat May 21 07:00:00 2022

adding as trusted cert:
  Subject: CN=SwissSign Platinum CA - G2, O=SwissSign AG, C=CH
  Issuer:  CN=SwissSign Platinum CA - G2, O=SwissSign AG, C=CH
  Algorithm: RSA; Serial number: 0x4eb200670c035d4f
  Valid from Wed Oct 25 12:36:00 MSD 2006 until Sat Oct 25 11:36:00 2036

adding as trusted cert:
  Subject: CN=GlobalSign, O=GlobalSign, OU=GlobalSign ECC Root CA - R5
  Issuer:  CN=GlobalSign, O=GlobalSign, OU=GlobalSign ECC Root CA - R5
  Algorithm: EC; Serial number: 0x605949e0262ebb55f90a778a71f94ad86c
  Valid from Tue Nov 13 04:00:00 2012 until Tue Jan 19 06:14:07 2038

adding as trusted cert:
  Subject: CN=VeriSign Class 2 Public Primary Certification Authority - G3, OU="(c) 1999 VeriSign, Inc. - For authorized use only", OU=VeriSign Trust Network, O="VeriSign, Inc.", C=US
  Issuer:  CN=VeriSign Class 2 Public Primary Certification Authority - G3, OU="(c) 1999 VeriSign, Inc. - For authorized use only", OU=VeriSign Trust Network, O="VeriSign, Inc.", C=US
  Algorithm: RSA; Serial number: 0x6170cb498c5f984529e7b0a6d9505b7a
  Valid from Fri Oct 01 04:00:00 MSD 1999 until Thu Jul 17 02:59:59 2036

adding as trusted cert:
  Subject: CN=Starfield Root Certificate Authority - G2, O="Starfield Technologies, Inc.", L=Scottsdale, ST=Arizona, C=US
  Issuer:  CN=Starfield Root Certificate Authority - G2, O="Starfield Technologies, Inc.", L=Scottsdale, ST=Arizona, C=US
  Algorithm: RSA; Serial number: 0x0
  Valid from Tue Sep 01 04:00:00 MSD 2009 until Fri Jan 01 02:59:59 2038

adding as trusted cert:
  Subject: CN=IdenTrust Public Sector Root CA 1, O=IdenTrust, C=US
  Issuer:  CN=IdenTrust Public Sector Root CA 1, O=IdenTrust, C=US
  Algorithm: RSA; Serial number: 0xa0142800000014523cf467c00000002
  Valid from Thu Jan 16 21:53:32 2014 until Mon Jan 16 20:53:32 2034

adding as trusted cert:
  Subject: CN=Entrust.net Certification Authority (2048), OU=(c) 1999 Entrust.net Limited, OU=www.entrust.net/CPS_2048 incorp. by ref. (limits liab.), O=Entrust.net
  Issuer:  CN=Entrust.net Certification Authority (2048), OU=(c) 1999 Entrust.net Limited, OU=www.entrust.net/CPS_2048 incorp. by ref. (limits liab.), O=Entrust.net
  Algorithm: RSA; Serial number: 0x3863def8
  Valid from Fri Dec 24 20:50:51 1999 until Tue Jul 24 17:15:12 2029

adding as trusted cert:
  Subject: CN=thawte Primary Root CA, OU="(c) 2006 thawte, Inc. - For authorized use only", OU=Certification Services Division, O="thawte, Inc.", C=US
  Issuer:  CN=thawte Primary Root CA, OU="(c) 2006 thawte, Inc. - For authorized use only", OU=Certification Services Division, O="thawte, Inc.", C=US
  Algorithm: RSA; Serial number: 0x344ed55720d5edec49f42fce37db2b6d
  Valid from Fri Nov 17 03:00:00 2006 until Thu Jul 17 02:59:59 2036

adding as trusted cert:
  Subject: CN=Go Daddy Root Certificate Authority - G2, O="GoDaddy.com, Inc.", L=Scottsdale, ST=Arizona, C=US
  Issuer:  CN=Go Daddy Root Certificate Authority - G2, O="GoDaddy.com, Inc.", L=Scottsdale, ST=Arizona, C=US
  Algorithm: RSA; Serial number: 0x0
  Valid from Tue Sep 01 04:00:00 MSD 2009 until Fri Jan 01 02:59:59 2038

adding as trusted cert:
  Subject: CN=VeriSign Class 1 Public Primary Certification Authority - G3, OU="(c) 1999 VeriSign, Inc. - For authorized use only", OU=VeriSign Trust Network, O="VeriSign, Inc.", C=US
  Issuer:  CN=VeriSign Class 1 Public Primary Certification Authority - G3, OU="(c) 1999 VeriSign, Inc. - For authorized use only", OU=VeriSign Trust Network, O="VeriSign, Inc.", C=US
  Algorithm: RSA; Serial number: 0x8b5b75568454850b00cfaf3848ceb1a4
  Valid from Fri Oct 01 04:00:00 MSD 1999 until Thu Jul 17 02:59:59 2036

adding as trusted cert:
  Subject: CN=VeriSign Class 3 Public Primary Certification Authority - G4, OU="(c) 2007 VeriSign, Inc. - For authorized use only", OU=VeriSign Trust Network, O="VeriSign, Inc.", C=US
  Issuer:  CN=VeriSign Class 3 Public Primary Certification Authority - G4, OU="(c) 2007 VeriSign, Inc. - For authorized use only", OU=VeriSign Trust Network, O="VeriSign, Inc.", C=US
  Algorithm: EC; Serial number: 0x2f80fe238c0e220f486712289187acb3
  Valid from Mon Nov 05 03:00:00 2007 until Tue Jan 19 02:59:59 2038

adding as trusted cert:
  Subject: CN=Entrust Root Certification Authority, OU="(c) 2006 Entrust, Inc.", OU=www.entrust.net/CPS is incorporated by reference, O="Entrust, Inc.", C=US
  Issuer:  CN=Entrust Root Certification Authority, OU="(c) 2006 Entrust, Inc.", OU=www.entrust.net/CPS is incorporated by reference, O="Entrust, Inc.", C=US
  Algorithm: RSA; Serial number: 0x456b5054
  Valid from Mon Nov 27 23:23:42 2006 until Fri Nov 27 23:53:42 2026

adding as trusted cert:
  Subject: CN=DigiCert Assured ID Root G2, OU=www.digicert.com, O=DigiCert Inc, C=US
  Issuer:  CN=DigiCert Assured ID Root G2, OU=www.digicert.com, O=DigiCert Inc, C=US
  Algorithm: RSA; Serial number: 0xb931c3ad63967ea6723bfc3af9af44b
  Valid from Thu Aug 01 16:00:00 2013 until Fri Jan 15 15:00:00 2038

adding as trusted cert:
  Subject: CN=Certum CA, O=Unizeto Sp. z o.o., C=PL
  Issuer:  CN=Certum CA, O=Unizeto Sp. z o.o., C=PL
  Algorithm: RSA; Serial number: 0x10020
  Valid from Tue Jun 11 14:46:39 MSD 2002 until Fri Jun 11 13:46:39 2027

adding as trusted cert:
  Subject: CN=AddTrust Qualified CA Root, OU=AddTrust TTP Network, O=AddTrust AB, C=SE
  Issuer:  CN=AddTrust Qualified CA Root, OU=AddTrust TTP Network, O=AddTrust AB, C=SE
  Algorithm: RSA; Serial number: 0x1
  Valid from Tue May 30 14:44:50 MSD 2000 until Sat May 30 13:44:50 2020

adding as trusted cert:
  Subject: CN=DST Root CA X3, O=Digital Signature Trust Co.
  Issuer:  CN=DST Root CA X3, O=Digital Signature Trust Co.
  Algorithm: RSA; Serial number: 0x44afb080d6a327ba893039862ef8406b
  Valid from Sun Oct 01 01:12:19 MSD 2000 until Thu Sep 30 17:01:15 2021

adding as trusted cert:
  Subject: CN=Buypass Class 2 Root CA, O=Buypass AS-983163327, C=NO
  Issuer:  CN=Buypass Class 2 Root CA, O=Buypass AS-983163327, C=NO
  Algorithm: RSA; Serial number: 0x2
  Valid from Tue Oct 26 12:38:03 MSD 2010 until Fri Oct 26 11:38:03 2040

adding as trusted cert:
  Subject: CN=DigiCert Assured ID Root G3, OU=www.digicert.com, O=DigiCert Inc, C=US
  Issuer:  CN=DigiCert Assured ID Root G3, OU=www.digicert.com, O=DigiCert Inc, C=US
  Algorithm: EC; Serial number: 0xba15afa1ddfa0b54944afcd24a06cec
  Valid from Thu Aug 01 16:00:00 2013 until Fri Jan 15 15:00:00 2038

adding as trusted cert:
  Subject: CN=SwissSign Gold CA - G2, O=SwissSign AG, C=CH
  Issuer:  CN=SwissSign Gold CA - G2, O=SwissSign AG, C=CH
  Algorithm: RSA; Serial number: 0xbb401c43f55e4fb0
  Valid from Wed Oct 25 12:30:35 MSD 2006 until Sat Oct 25 11:30:35 2036

adding as trusted cert:
  Subject: CN=USERTrust ECC Certification Authority, O=The USERTRUST Network, L=Jersey City, ST=New Jersey, C=US
  Issuer:  CN=USERTrust ECC Certification Authority, O=The USERTRUST Network, L=Jersey City, ST=New Jersey, C=US
  Algorithm: EC; Serial number: 0x5c8b99c55a94c5d27156decd8980cc26
  Valid from Mon Feb 01 03:00:00 2010 until Tue Jan 19 02:59:59 2038

adding as trusted cert:
  Subject: CN=IdenTrust Commercial Root CA 1, O=IdenTrust, C=US
  Issuer:  CN=IdenTrust Commercial Root CA 1, O=IdenTrust, C=US
  Algorithm: RSA; Serial number: 0xa0142800000014523c844b500000002
  Valid from Thu Jan 16 22:12:23 2014 until Mon Jan 16 21:12:23 2034

adding as trusted cert:
  Subject: CN=QuoVadis Root CA 2, O=QuoVadis Limited, C=BM
  Issuer:  CN=QuoVadis Root CA 2, O=QuoVadis Limited, C=BM
  Algorithm: RSA; Serial number: 0x509
  Valid from Fri Nov 24 21:27:00 2006 until Mon Nov 24 21:23:33 2031

adding as trusted cert:
  Subject: CN=QuoVadis Root CA 1 G3, O=QuoVadis Limited, C=BM
  Issuer:  CN=QuoVadis Root CA 1 G3, O=QuoVadis Limited, C=BM
  Algorithm: RSA; Serial number: 0x78585f2ead2c194be3370735341328b596d46593
  Valid from Thu Jan 12 21:27:44 2012 until Sun Jan 12 20:27:44 2042

adding as trusted cert:
  Subject: OU=Class 1 Public Primary Certification Authority, O="VeriSign, Inc.", C=US
  Issuer:  OU=Class 1 Public Primary Certification Authority, O="VeriSign, Inc.", C=US
  Algorithm: RSA; Serial number: 0x3f691e819cf09a4af373ffb948a2e4dd
  Valid from Mon Jan 29 03:00:00 1996 until Thu Aug 03 02:59:59 2028

adding as trusted cert:
  Subject: CN=USERTrust RSA Certification Authority, O=The USERTRUST Network, L=Jersey City, ST=New Jersey, C=US
  Issuer:  CN=USERTrust RSA Certification Authority, O=The USERTRUST Network, L=Jersey City, ST=New Jersey, C=US
  Algorithm: RSA; Serial number: 0x1fd6d30fca3ca51a81bbc640e35032d
  Valid from Mon Feb 01 03:00:00 2010 until Tue Jan 19 02:59:59 2038

adding as trusted cert:
  Subject: OU=VeriSign Trust Network, OU="(c) 1998 VeriSign, Inc. - For authorized use only", OU=Class 2 Public Primary Certification Authority - G2, O="VeriSign, Inc.", C=US
  Issuer:  OU=VeriSign Trust Network, OU="(c) 1998 VeriSign, Inc. - For authorized use only", OU=Class 2 Public Primary Certification Authority - G2, O="VeriSign, Inc.", C=US
  Algorithm: RSA; Serial number: 0xb92f60cc889fa17a4609b85b706c8aaf
  Valid from Mon May 18 04:00:00 MSD 1998 until Wed Aug 02 02:59:59 2028

adding as trusted cert:
  Subject: CN=GlobalSign, O=GlobalSign, OU=GlobalSign Root CA - R2
  Issuer:  CN=GlobalSign, O=GlobalSign, OU=GlobalSign Root CA - R2
  Algorithm: RSA; Serial number: 0x400000000010f8626e60d
  Valid from Fri Dec 15 11:00:00 2006 until Wed Dec 15 11:00:00 2021

adding as trusted cert:
  Subject: CN=VeriSign Class 3 Public Primary Certification Authority - G5, OU="(c) 2006 VeriSign, Inc. - For authorized use only", OU=VeriSign Trust Network, O="VeriSign, Inc.", C=US
  Issuer:  CN=VeriSign Class 3 Public Primary Certification Authority - G5, OU="(c) 2006 VeriSign, Inc. - For authorized use only", OU=VeriSign Trust Network, O="VeriSign, Inc.", C=US
  Algorithm: RSA; Serial number: 0x18dad19e267de8bb4a2158cdcc6b3b4a
  Valid from Wed Nov 08 03:00:00 2006 until Thu Jul 17 02:59:59 2036

adding as trusted cert:
  Subject: CN=QuoVadis Root CA 3, O=QuoVadis Limited, C=BM
  Issuer:  CN=QuoVadis Root CA 3, O=QuoVadis Limited, C=BM
  Algorithm: RSA; Serial number: 0x5c6
  Valid from Fri Nov 24 22:11:23 2006 until Mon Nov 24 22:06:44 2031

adding as trusted cert:
  Subject: CN=Starfield Services Root Certificate Authority - G2, O="Starfield Technologies, Inc.", L=Scottsdale, ST=Arizona, C=US
  Issuer:  CN=Starfield Services Root Certificate Authority - G2, O="Starfield Technologies, Inc.", L=Scottsdale, ST=Arizona, C=US
  Algorithm: RSA; Serial number: 0x0
  Valid from Tue Sep 01 04:00:00 MSD 2009 until Fri Jan 01 02:59:59 2038

adding as trusted cert:
  Subject: CN=Swisscom Root CA 2, OU=Digital Certificate Services, O=Swisscom, C=ch
  Issuer:  CN=Swisscom Root CA 2, OU=Digital Certificate Services, O=Swisscom, C=ch
  Algorithm: RSA; Serial number: 0x1e9e28e848f2e5efc37c4a1e5a1867b6
  Valid from Fri Jun 24 12:38:14 2011 until Wed Jun 25 10:38:14 2031

adding as trusted cert:
  Subject: CN=QuoVadis Root CA 3 G3, O=QuoVadis Limited, C=BM
  Issuer:  CN=QuoVadis Root CA 3 G3, O=QuoVadis Limited, C=BM
  Algorithm: RSA; Serial number: 0x2ef59b0228a7db7affd5a3a9eebd03a0cf126a1d
  Valid from Fri Jan 13 00:26:32 2012 until Sun Jan 12 23:26:32 2042

adding as trusted cert:
  Subject: CN=Actalis Authentication Root CA, O=Actalis S.p.A./03358520967, L=Milan, C=IT
  Issuer:  CN=Actalis Authentication Root CA, O=Actalis S.p.A./03358520967, L=Milan, C=IT
  Algorithm: RSA; Serial number: 0x570a119742c4e3cc
  Valid from Thu Sep 22 15:22:02 2011 until Sun Sep 22 14:22:02 2030

adding as trusted cert:
  Subject: OU=Class 3 Public Primary Certification Authority, O="VeriSign, Inc.", C=US
  Issuer:  OU=Class 3 Public Primary Certification Authority, O="VeriSign, Inc.", C=US
  Algorithm: RSA; Serial number: 0x3c9131cb1ff6d01b0e9ab8d044bf12be
  Valid from Mon Jan 29 03:00:00 1996 until Thu Aug 03 02:59:59 2028

adding as trusted cert:
  Subject: CN=QuoVadis Root Certification Authority, OU=Root Certification Authority, O=QuoVadis Limited, C=BM
  Issuer:  CN=QuoVadis Root Certification Authority, OU=Root Certification Authority, O=QuoVadis Limited, C=BM
  Algorithm: RSA; Serial number: 0x3ab6508b
  Valid from Mon Mar 19 21:33:33 2001 until Wed Mar 17 21:33:33 2021

adding as trusted cert:
  Subject: CN=Class 3P Primary CA, O=Certplus, C=FR
  Issuer:  CN=Class 3P Primary CA, O=Certplus, C=FR
  Algorithm: RSA; Serial number: 0xbf5cdbb6f21c6ec04deb7a023b36e879
  Valid from Wed Jul 07 21:10:00 MSD 1999 until Sun Jul 07 02:59:59 2019

adding as trusted cert:
  Subject: CN=Buypass Class 3 Root CA, O=Buypass AS-983163327, C=NO
  Issuer:  CN=Buypass Class 3 Root CA, O=Buypass AS-983163327, C=NO
  Algorithm: RSA; Serial number: 0x2
  Valid from Tue Oct 26 12:28:58 MSD 2010 until Fri Oct 26 11:28:58 2040

adding as trusted cert:
  Subject: OU=Security Communication EV RootCA1, O="SECOM Trust Systems CO.,LTD.", C=JP
  Issuer:  OU=Security Communication EV RootCA1, O="SECOM Trust Systems CO.,LTD.", C=JP
  Algorithm: RSA; Serial number: 0x0
  Valid from Wed Jun 06 06:12:32 MSD 2007 until Sat Jun 06 05:12:32 2037

adding as trusted cert:
  Subject: CN=Equifax Secure eBusiness CA-1, O=Equifax Secure Inc., C=US
  Issuer:  CN=Equifax Secure eBusiness CA-1, O=Equifax Secure Inc., C=US
  Algorithm: RSA; Serial number: 0x59e3
  Valid from Mon Jun 21 08:00:00 MSD 1999 until Mon Jun 22 07:00:00 2020

adding as trusted cert:
  Subject: CN=thawte Primary Root CA - G2, OU="(c) 2007 thawte, Inc. - For authorized use only", O="thawte, Inc.", C=US
  Issuer:  CN=thawte Primary Root CA - G2, OU="(c) 2007 thawte, Inc. - For authorized use only", O="thawte, Inc.", C=US
  Algorithm: EC; Serial number: 0x35fc265cd9844fc93d263d579baed756
  Valid from Mon Nov 05 03:00:00 2007 until Tue Jan 19 02:59:59 2038

adding as trusted cert:
  Subject: CN=Swisscom Root EV CA 2, OU=Digital Certificate Services, O=Swisscom, C=ch
  Issuer:  CN=Swisscom Root EV CA 2, OU=Digital Certificate Services, O=Swisscom, C=ch
  Algorithm: RSA; Serial number: 0xf2fa64e27463d38dfd101d041f76ca58
  Valid from Fri Jun 24 13:45:08 2011 until Wed Jun 25 11:45:08 2031

adding as trusted cert:
  Subject: CN=VeriSign Universal Root Certification Authority, OU="(c) 2008 VeriSign, Inc. - For authorized use only", OU=VeriSign Trust Network, O="VeriSign, Inc.", C=US
  Issuer:  CN=VeriSign Universal Root Certification Authority, OU="(c) 2008 VeriSign, Inc. - For authorized use only", OU=VeriSign Trust Network, O="VeriSign, Inc.", C=US
  Algorithm: RSA; Serial number: 0x401ac46421b31321030ebbe4121ac51d
  Valid from Wed Apr 02 04:00:00 MSD 2008 until Wed Dec 02 02:59:59 2037

adding as trusted cert:
  Subject: CN=AddTrust Class 1 CA Root, OU=AddTrust TTP Network, O=AddTrust AB, C=SE
  Issuer:  CN=AddTrust Class 1 CA Root, OU=AddTrust TTP Network, O=AddTrust AB, C=SE
  Algorithm: RSA; Serial number: 0x1
  Valid from Tue May 30 14:38:31 MSD 2000 until Sat May 30 13:38:31 2020

adding as trusted cert:
  Subject: CN=GlobalSign, O=GlobalSign, OU=GlobalSign ECC Root CA - R4
  Issuer:  CN=GlobalSign, O=GlobalSign, OU=GlobalSign ECC Root CA - R4
  Algorithm: EC; Serial number: 0x2a38a41c960a04de42b228a50be8349802
  Valid from Tue Nov 13 04:00:00 2012 until Tue Jan 19 06:14:07 2038

adding as trusted cert:
  Subject: CN=Global Chambersign Root - 2008, O=AC Camerfirma S.A., SERIALNUMBER=A82743287, L=Madrid (see current address at www.camerfirma.com/address), C=EU
  Issuer:  CN=Global Chambersign Root - 2008, O=AC Camerfirma S.A., SERIALNUMBER=A82743287, L=Madrid (see current address at www.camerfirma.com/address), C=EU
  Algorithm: RSA; Serial number: 0xc9cdd3e9d57d23ce
  Valid from Fri Aug 01 16:31:40 MSD 2008 until Sat Jul 31 15:31:40 2038

adding as trusted cert:
  Subject: CN=thawte Primary Root CA - G3, OU="(c) 2008 thawte, Inc. - For authorized use only", OU=Certification Services Division, O="thawte, Inc.", C=US
  Issuer:  CN=thawte Primary Root CA - G3, OU="(c) 2008 thawte, Inc. - For authorized use only", OU=Certification Services Division, O="thawte, Inc.", C=US
  Algorithm: RSA; Serial number: 0x600197b746a7eab4b49ad64b2ff790fb
  Valid from Wed Apr 02 04:00:00 MSD 2008 until Wed Dec 02 02:59:59 2037

adding as trusted cert:
  Subject: CN=COMODO RSA Certification Authority, O=COMODO CA Limited, L=Salford, ST=Greater Manchester, C=GB
  Issuer:  CN=COMODO RSA Certification Authority, O=COMODO CA Limited, L=Salford, ST=Greater Manchester, C=GB
  Algorithm: RSA; Serial number: 0x4caaf9cadb636fe01ff74ed85b03869d
  Valid from Tue Jan 19 03:00:00 2010 until Tue Jan 19 02:59:59 2038

adding as trusted cert:
  Subject: CN=GTE CyberTrust Global Root, OU="GTE CyberTrust Solutions, Inc.", O=GTE Corporation, C=US
  Issuer:  CN=GTE CyberTrust Global Root, OU="GTE CyberTrust Solutions, Inc.", O=GTE Corporation, C=US
  Algorithm: RSA; Serial number: 0x1a5
  Valid from Thu Aug 13 04:29:00 MSD 1998 until Tue Aug 14 02:59:00 2018

adding as trusted cert:
  Subject: EMAILADDRESS=premium-server@thawte.com, CN=Thawte Premium Server CA, OU=Certification Services Division, O=Thawte Consulting cc, L=Cape Town, ST=Western Cape, C=ZA
  Issuer:  EMAILADDRESS=premium-server@thawte.com, CN=Thawte Premium Server CA, OU=Certification Services Division, O=Thawte Consulting cc, L=Cape Town, ST=Western Cape, C=ZA
  Algorithm: RSA; Serial number: 0x36122296c5e338a520a1d25f4cd70954
  Valid from Thu Aug 01 04:00:00 MSD 1996 until Sat Jan 02 02:59:59 2021

adding as trusted cert:
  Subject: CN=AffirmTrust Premium ECC, O=AffirmTrust, C=US
  Issuer:  CN=AffirmTrust Premium ECC, O=AffirmTrust, C=US
  Algorithm: EC; Serial number: 0x7497258ac73f7a54
  Valid from Fri Jan 29 17:20:24 2010 until Mon Dec 31 17:20:24 2040

adding as trusted cert:
  Subject: OU=VeriSign Trust Network, OU="(c) 1998 VeriSign, Inc. - For authorized use only", OU=Class 1 Public Primary Certification Authority - G2, O="VeriSign, Inc.", C=US
  Issuer:  OU=VeriSign Trust Network, OU="(c) 1998 VeriSign, Inc. - For authorized use only", OU=Class 1 Public Primary Certification Authority - G2, O="VeriSign, Inc.", C=US
  Algorithm: RSA; Serial number: 0x4cc7eaaa983e71d39310f83d3a899192
  Valid from Mon May 18 04:00:00 MSD 1998 until Wed Aug 02 02:59:59 2028

adding as trusted cert:
  Subject: CN=KEYNECTIS ROOT CA, OU=ROOT, O=KEYNECTIS, C=FR
  Issuer:  CN=KEYNECTIS ROOT CA, OU=ROOT, O=KEYNECTIS, C=FR
  Algorithm: RSA; Serial number: 0x1121bc276c5547af584eefd4ced629b2a285
  Valid from Tue May 26 04:00:00 MSD 2009 until Tue May 26 03:00:00 2020

adding as trusted cert:
  Subject: CN=DigiCert Global Root G2, OU=www.digicert.com, O=DigiCert Inc, C=US
  Issuer:  CN=DigiCert Global Root G2, OU=www.digicert.com, O=DigiCert Inc, C=US
  Algorithm: RSA; Serial number: 0x33af1e6a711a9a0bb2864b11d09fae5
  Valid from Thu Aug 01 16:00:00 2013 until Fri Jan 15 15:00:00 2038

trigger seeding of SecureRandom
done seeding SecureRandom
***
found key for : server-keypair
chain [0] = [
[
  Version: V3
  Subject: CN=server, O=example.com
  Signature Algorithm: SHA256withRSA, OID = 1.2.840.113549.1.1.11

  Key:  Sun RSA public key, 2048 bits
  modulus: 16395633118756910027307786059594003602424782222606565910337550060908536298801174254632657544879537262094461451346219502757033857307571844657739767071036889717826387604089928884679390329877033966916175374004613622786740797504438976382866577264443059096891472723014174538058226555331443341009455479083583931320725095623525897039749701781104729471039035076119274189413857721785010757543567230018443782297097827183111043265398765503566151229256856786723441081439208963102430925580594555422331624337325788268369166029643139661336445322824913420707315576933941674401285439027030973786186023857115674616086965563274612260461
  public exponent: 65537
  Validity: [From: Sat Nov 04 16:57:14 2017,
               To: Tue Nov 02 16:57:14 2027]
  Issuer: CN=server, O=example.com
  SerialNumber: [    40eb7950]

Certificate Extensions: 2
[1]: ObjectId: 2.5.29.17 Criticality=false
SubjectAlternativeName [
  DNSName: localhost
]

[2]: ObjectId: 2.5.29.14 Criticality=false
SubjectKeyIdentifier [
KeyIdentifier [
0000: F7 3F E9 03 D7 A4 AA C7   65 E8 CD 6D AB 70 FF F0  .?......e..m.p..
0010: EA E6 2F F0                                        ../.
]
]

]
  Algorithm: [SHA256withRSA]
  Signature:
0000: 34 BA 11 06 65 17 04 C2   5B 04 86 07 6C F1 92 F0  4...e...[...l...
0010: 4B F6 17 37 7E F8 47 1C   75 19 CF 75 22 10 82 4C  K..7..G.u..u"..L
0020: 83 35 A2 46 CC 1D 3A 92   98 27 8F 31 FC 85 F1 D2  .5.F..:..'.1....
0030: FC C2 20 27 C4 29 0F BE   2E 2F F1 0A 84 9F 9A 03  .. '.).../......
0040: 76 14 DD FB 6D E6 B6 AA   E4 1D 50 0E 18 A3 E7 19  v...m.....P.....
0050: 0F 10 1F 26 A7 92 FE 37   71 28 0C 4C 75 BC AF E0  ...&...7q(.Lu...
0060: F8 8A 42 87 EF 7E 01 25   F1 C7 40 8B AB F5 1C 4D  ..B....%..@....M
0070: AD AF 29 4C C4 71 8C 15   49 D6 E9 63 25 4D 92 49  ..)L.q..I..c%M.I
0080: 65 FC DD AA 41 1A F9 CB   01 DC D7 39 BD 67 5B CB  e...A......9.g[.
0090: BA FD 7E 3D 9D E2 DF 2D   C6 B8 C2 5A 3A 5C 06 ED  ...=...-...Z:\..
00A0: FC 86 1C 29 19 B8 2E A4   36 7C B0 09 67 A4 5E A2  ...)....6...g.^.
00B0: 31 7B C5 B7 E1 EC B3 4C   17 EE AE 0D B7 CF B0 67  1......L.......g
00C0: 3D C4 7F 1D D3 C1 C0 0C   42 8B 1A BC C6 71 5D A2  =.......B....q].
00D0: AF 12 54 F0 B2 23 E4 49   16 C3 1A 7A 62 C5 65 AE  ..T..#.I...zb.e.
00E0: B3 D3 D6 BF ED F1 D6 65   FA 70 96 BC 9A 1F 48 2B  .......e.p....H+
00F0: 71 49 6B 33 31 05 FF EF   38 26 4A BB C4 80 8F 58  qIk31...8&J....X

]
***
adding as trusted cert:
  Subject: CN=client, O=example.com
  Issuer:  CN=client, O=example.com
  Algorithm: RSA; Serial number: 0xb9b5a49
  Valid from Sat Nov 04 16:57:58 2017 until Tue Nov 02 16:57:58 2027

trigger seeding of SecureRandom
done seeding SecureRandom
2017-11-04 19:10:58.016  INFO 8096 --- [           main] s.b.c.e.t.TomcatEmbeddedServletContainer : Tomcat started on port(s): 8443 (https)
2017-11-04 19:10:58.023  INFO 8096 --- [           main] com.example.server.ServerApplication     : Started ServerApplication in 5.598 seconds (JVM running for 6.236)
Using SSLEngineImpl.
Allow unsafe renegotiation: false
Allow legacy hello messages: true
Is initial handshake: true
Is secure renegotiation: false
Ignoring unsupported cipher suite: TLS_ECDHE_RSA_WITH_AES_128_GCM_SHA256 for TLSv1
Ignoring unsupported cipher suite: TLS_ECDHE_ECDSA_WITH_AES_128_GCM_SHA256 for TLSv1
Ignoring unsupported cipher suite: TLS_ECDHE_RSA_WITH_AES_128_CBC_SHA256 for TLSv1
Ignoring unsupported cipher suite: TLS_ECDHE_ECDSA_WITH_AES_128_CBC_SHA256 for TLSv1
Ignoring unsupported cipher suite: TLS_ECDHE_RSA_WITH_AES_128_GCM_SHA256 for TLSv1.1
Ignoring unsupported cipher suite: TLS_ECDHE_ECDSA_WITH_AES_128_GCM_SHA256 for TLSv1.1
Ignoring unsupported cipher suite: TLS_ECDHE_RSA_WITH_AES_128_CBC_SHA256 for TLSv1.1
Ignoring unsupported cipher suite: TLS_ECDHE_ECDSA_WITH_AES_128_CBC_SHA256 for TLSv1.1
https-jsse-nio-8443-exec-1, READ: TLSv1.2 Handshake, length = 161
*** ClientHello, TLSv1.2
RandomCookie:  GMT: 1492968872 bytes = { 122, 185, 155, 157, 162, 122, 13, 22, 130, 69, 5, 212, 104, 156, 236, 21, 7, 5, 10, 118, 225, 119, 204, 197, 119, 71, 218, 51 }
Session ID:  {}
Cipher Suites: [TLS_ECDHE_ECDSA_WITH_AES_128_CBC_SHA256, TLS_ECDHE_RSA_WITH_AES_128_CBC_SHA256, TLS_RSA_WITH_AES_128_CBC_SHA256, TLS_ECDH_ECDSA_WITH_AES_128_CBC_SHA256, TLS_ECDH_RSA_WITH_AES_128_CBC_SHA256, TLS_DHE_RSA_WITH_AES_128_CBC_SHA256, TLS_DHE_DSS_WITH_AES_128_CBC_SHA256, TLS_ECDHE_ECDSA_WITH_AES_128_CBC_SHA, TLS_ECDHE_RSA_WITH_AES_128_CBC_SHA, TLS_RSA_WITH_AES_128_CBC_SHA, TLS_ECDH_ECDSA_WITH_AES_128_CBC_SHA, TLS_ECDH_RSA_WITH_AES_128_CBC_SHA, TLS_DHE_RSA_WITH_AES_128_CBC_SHA, TLS_DHE_DSS_WITH_AES_128_CBC_SHA, TLS_ECDHE_ECDSA_WITH_AES_128_GCM_SHA256, TLS_ECDHE_RSA_WITH_AES_128_GCM_SHA256, TLS_RSA_WITH_AES_128_GCM_SHA256, TLS_ECDH_ECDSA_WITH_AES_128_GCM_SHA256, TLS_ECDH_RSA_WITH_AES_128_GCM_SHA256, TLS_DHE_RSA_WITH_AES_128_GCM_SHA256, TLS_DHE_DSS_WITH_AES_128_GCM_SHA256, TLS_ECDHE_ECDSA_WITH_3DES_EDE_CBC_SHA, TLS_ECDHE_RSA_WITH_3DES_EDE_CBC_SHA, SSL_RSA_WITH_3DES_EDE_CBC_SHA, TLS_ECDH_ECDSA_WITH_3DES_EDE_CBC_SHA, TLS_ECDH_RSA_WITH_3DES_EDE_CBC_SHA, SSL_DHE_RSA_WITH_3DES_EDE_CBC_SHA, SSL_DHE_DSS_WITH_3DES_EDE_CBC_SHA, TLS_EMPTY_RENEGOTIATION_INFO_SCSV]
Compression Methods:  { 0 }
Extension elliptic_curves, curve names: {secp256r1, secp384r1, secp521r1, sect283k1, sect283r1, sect409k1, sect409r1, sect571k1, sect571r1, secp256k1}
Extension ec_point_formats, formats: [uncompressed]
Extension signature_algorithms, signature_algorithms: SHA512withECDSA, SHA512withRSA, SHA384withECDSA, SHA384withRSA, SHA256withECDSA, SHA256withRSA, SHA256withDSA, SHA1withECDSA, SHA1withRSA, SHA1withDSA
***
%% Initialized:  [Session-1, SSL_NULL_WITH_NULL_NULL]
matching alias: server-keypair
Standard ciphersuite chosen: TLS_ECDHE_RSA_WITH_AES_128_CBC_SHA256
%% Negotiating:  [Session-1, TLS_ECDHE_RSA_WITH_AES_128_CBC_SHA256]
*** ServerHello, TLSv1.2
RandomCookie:  GMT: 1492968872 bytes = { 67, 233, 215, 38, 120, 118, 20, 192, 136, 203, 117, 93, 119, 58, 154, 49, 182, 103, 0, 120, 195, 147, 38, 22, 174, 224, 117, 60 }
Session ID:  {89, 253, 230, 168, 47, 236, 148, 163, 4, 86, 231, 18, 116, 107, 249, 240, 36, 144, 228, 219, 71, 77, 15, 66, 190, 167, 13, 226, 95, 238, 183, 143}
Cipher Suite: TLS_ECDHE_RSA_WITH_AES_128_CBC_SHA256
Compression Method: 0
Extension renegotiation_info, renegotiated_connection: <empty>
***
Cipher suite:  TLS_ECDHE_RSA_WITH_AES_128_CBC_SHA256
*** Certificate chain
chain [0] = [
[
  Version: V3
  Subject: CN=server, O=example.com
  Signature Algorithm: SHA256withRSA, OID = 1.2.840.113549.1.1.11

  Key:  Sun RSA public key, 2048 bits
  modulus: 16395633118756910027307786059594003602424782222606565910337550060908536298801174254632657544879537262094461451346219502757033857307571844657739767071036889717826387604089928884679390329877033966916175374004613622786740797504438976382866577264443059096891472723014174538058226555331443341009455479083583931320725095623525897039749701781104729471039035076119274189413857721785010757543567230018443782297097827183111043265398765503566151229256856786723441081439208963102430925580594555422331624337325788268369166029643139661336445322824913420707315576933941674401285439027030973786186023857115674616086965563274612260461
  public exponent: 65537
  Validity: [From: Sat Nov 04 16:57:14 2017,
               To: Tue Nov 02 16:57:14 2027]
  Issuer: CN=server, O=example.com
  SerialNumber: [    40eb7950]

Certificate Extensions: 2
[1]: ObjectId: 2.5.29.17 Criticality=false
SubjectAlternativeName [
  DNSName: localhost
]

[2]: ObjectId: 2.5.29.14 Criticality=false
SubjectKeyIdentifier [
KeyIdentifier [
0000: F7 3F E9 03 D7 A4 AA C7   65 E8 CD 6D AB 70 FF F0  .?......e..m.p..
0010: EA E6 2F F0                                        ../.
]
]

]
  Algorithm: [SHA256withRSA]
  Signature:
0000: 34 BA 11 06 65 17 04 C2   5B 04 86 07 6C F1 92 F0  4...e...[...l...
0010: 4B F6 17 37 7E F8 47 1C   75 19 CF 75 22 10 82 4C  K..7..G.u..u"..L
0020: 83 35 A2 46 CC 1D 3A 92   98 27 8F 31 FC 85 F1 D2  .5.F..:..'.1....
0030: FC C2 20 27 C4 29 0F BE   2E 2F F1 0A 84 9F 9A 03  .. '.).../......
0040: 76 14 DD FB 6D E6 B6 AA   E4 1D 50 0E 18 A3 E7 19  v...m.....P.....
0050: 0F 10 1F 26 A7 92 FE 37   71 28 0C 4C 75 BC AF E0  ...&...7q(.Lu...
0060: F8 8A 42 87 EF 7E 01 25   F1 C7 40 8B AB F5 1C 4D  ..B....%..@....M
0070: AD AF 29 4C C4 71 8C 15   49 D6 E9 63 25 4D 92 49  ..)L.q..I..c%M.I
0080: 65 FC DD AA 41 1A F9 CB   01 DC D7 39 BD 67 5B CB  e...A......9.g[.
0090: BA FD 7E 3D 9D E2 DF 2D   C6 B8 C2 5A 3A 5C 06 ED  ...=...-...Z:\..
00A0: FC 86 1C 29 19 B8 2E A4   36 7C B0 09 67 A4 5E A2  ...)....6...g.^.
00B0: 31 7B C5 B7 E1 EC B3 4C   17 EE AE 0D B7 CF B0 67  1......L.......g
00C0: 3D C4 7F 1D D3 C1 C0 0C   42 8B 1A BC C6 71 5D A2  =.......B....q].
00D0: AF 12 54 F0 B2 23 E4 49   16 C3 1A 7A 62 C5 65 AE  ..T..#.I...zb.e.
00E0: B3 D3 D6 BF ED F1 D6 65   FA 70 96 BC 9A 1F 48 2B  .......e.p....H+
00F0: 71 49 6B 33 31 05 FF EF   38 26 4A BB C4 80 8F 58  qIk31...8&J....X

]
***
*** ECDH ServerKeyExchange
Signature Algorithm SHA512withRSA
Server key: Sun EC public key, 256 bits
  public x coord: 92416907423797917108651411220949227236045261472538924138175892631080121076586
  public y coord: 52570159133152996394643964235748475641135431426241901245432881975987053534228
  parameters: secp256r1 [NIST P-256, X9.62 prime256v1] (1.2.840.10045.3.1.7)
*** ServerHelloDone
https-jsse-nio-8443-exec-1, WRITE: TLSv1.2 Handshake, length = 1203
https-jsse-nio-8443-exec-2, READ: TLSv1.2 Alert, length = 2
https-jsse-nio-8443-exec-2, RECV TLSv1.2 ALERT:  fatal, certificate_unknown
https-jsse-nio-8443-exec-2, fatal: engine already closed.  Rethrowing javax.net.ssl.SSLException: Received fatal alert: certificate_unknown
https-jsse-nio-8443-exec-2, fatal: engine already closed.  Rethrowing javax.net.ssl.SSLException: Received fatal alert: certificate_unknown
https-jsse-nio-8443-exec-2, called closeOutbound()
https-jsse-nio-8443-exec-2, closeOutboundInternal()
https-jsse-nio-8443-exec-2, SEND TLSv1.2 ALERT:  warning, description = close_notify
https-jsse-nio-8443-exec-2, WRITE: TLSv1.2 Alert, length = 2
